.
|-- CMakeLists.txt
|-- README.md
|-- SysY\350\257\255\350\250\200\345\256\232\344\271\211.pdf
|-- SysY\350\277\220\350\241\214\346\227\266\345\272\223.pdf
|-- build
|   |-- CMakeCache.txt
|   |-- CMakeFiles
|   |   |-- 3.16.3
|   |   |   |-- CMakeCCompiler.cmake
|   |   |   |-- CMakeCXXCompiler.cmake
|   |   |   |-- CMakeDetermineCompilerABI_C.bin
|   |   |   |-- CMakeDetermineCompilerABI_CXX.bin
|   |   |   |-- CMakeSystem.cmake
|   |   |   |-- CompilerIdC
|   |   |   |   |-- CMakeCCompilerId.c
|   |   |   |   |-- a.out
|   |   |   |   `-- tmp
|   |   |   `-- CompilerIdCXX
|   |   |       |-- CMakeCXXCompilerId.cpp
|   |   |       |-- a.out
|   |   |       `-- tmp
|   |   |-- 3.20.21032501-MSVC_2
|   |   |   |-- CMakeCCompiler.cmake
|   |   |   |-- CMakeCXXCompiler.cmake
|   |   |   |-- CMakeDetermineCompilerABI_C.bin
|   |   |   |-- CMakeDetermineCompilerABI_CXX.bin
|   |   |   |-- CMakeRCCompiler.cmake
|   |   |   |-- CMakeSystem.cmake
|   |   |   |-- CompilerIdC
|   |   |   |   |-- CMakeCCompilerId.c
|   |   |   |   |-- CompilerIdC.exe
|   |   |   |   |-- CompilerIdC.vcxproj
|   |   |   |   |-- Debug
|   |   |   |   |   |-- CMakeCCompilerId.obj
|   |   |   |   |   `-- CompilerIdC.tlog
|   |   |   |   |       |-- CL.command.1.tlog
|   |   |   |   |       |-- CL.read.1.tlog
|   |   |   |   |       |-- CL.write.1.tlog
|   |   |   |   |       |-- CompilerIdC.lastbuildstate
|   |   |   |   |       |-- link.command.1.tlog
|   |   |   |   |       |-- link.read.1.tlog
|   |   |   |   |       `-- link.write.1.tlog
|   |   |   |   `-- tmp
|   |   |   |-- CompilerIdCXX
|   |   |   |   |-- CMakeCXXCompilerId.cpp
|   |   |   |   |-- CompilerIdCXX.exe
|   |   |   |   |-- CompilerIdCXX.vcxproj
|   |   |   |   |-- Debug
|   |   |   |   |   |-- CMakeCXXCompilerId.obj
|   |   |   |   |   `-- CompilerIdCXX.tlog
|   |   |   |   |       |-- CL.command.1.tlog
|   |   |   |   |       |-- CL.read.1.tlog
|   |   |   |   |       |-- CL.write.1.tlog
|   |   |   |   |       |-- CompilerIdCXX.lastbuildstate
|   |   |   |   |       |-- link.command.1.tlog
|   |   |   |   |       |-- link.read.1.tlog
|   |   |   |   |       `-- link.write.1.tlog
|   |   |   |   `-- tmp
|   |   |   |-- VCTargetsPath.txt
|   |   |   |-- VCTargetsPath.vcxproj
|   |   |   `-- x64
|   |   |       `-- Debug
|   |   |           `-- VCTargetsPath.tlog
|   |   |               `-- VCTargetsPath.lastbuildstate
|   |   |-- CMakeDirectoryInformation.cmake
|   |   |-- CMakeError.log
|   |   |-- CMakeOutput.log
|   |   |-- CMakeRuleHashes.txt
|   |   |-- CMakeTmp
|   |   |-- CheckTypeSize
|   |   |   |-- HAVE_MODE_T.bin
|   |   |   |-- HAVE_MODE_T.cpp
|   |   |   |-- HAVE_SSIZE_T.bin
|   |   |   `-- HAVE_SSIZE_T.cpp
|   |   |-- Makefile.cmake
|   |   |-- Makefile2
|   |   |-- TargetDirectories.txt
|   |   |-- bc.dir
|   |   |   |-- DependInfo.cmake
|   |   |   |-- build.make
|   |   |   |-- cmake_clean.cmake
|   |   |   |-- depend.internal
|   |   |   |-- depend.make
|   |   |   `-- progress.make
|   |   |-- cmake.check_cache
|   |   |-- compiler.dir
|   |   |   |-- CXX.includecache
|   |   |   |-- DependInfo.cmake
|   |   |   |-- build.make
|   |   |   |-- cmake_clean.cmake
|   |   |   |-- depend.internal
|   |   |   |-- depend.make
|   |   |   |-- flags.make
|   |   |   |-- link.txt
|   |   |   |-- progress.make
|   |   |   |-- src
|   |   |   |   |-- ast
|   |   |   |   |   `-- ast.cpp.o
|   |   |   |   |-- common
|   |   |   |   |   |-- enum.cpp.o
|   |   |   |   |   |-- initval_tree.cpp.o
|   |   |   |   |   |-- temp_allocate.cpp.o
|   |   |   |   |   `-- while_frame.cpp.o
|   |   |   |   |-- ir
|   |   |   |   |   |-- ir_tools.cpp.o
|   |   |   |   |   |-- ir_tree.cpp.o
|   |   |   |   |   `-- temp_type.cpp.o
|   |   |   |   |-- main.cpp.o
|   |   |   |   |-- symtable
|   |   |   |   |   `-- symbol_table.cpp.o
|   |   |   |   `-- translate
|   |   |   |       |-- translate_decl.cpp.o
|   |   |   |       |-- translate_exp.cpp.o
|   |   |   |       |-- translate_stmt.cpp.o
|   |   |   |       `-- translate_top.cpp.o
|   |   |   |-- sysy.lex.cpp.o
|   |   |   `-- sysy.tab.cpp.o
|   |   |-- llvm.dir
|   |   |   |-- DependInfo.cmake
|   |   |   |-- build.make
|   |   |   |-- cmake_clean.cmake
|   |   |   |-- depend.internal
|   |   |   |-- depend.make
|   |   |   `-- progress.make
|   |   |-- progress.marks
|   |   |-- run.dir
|   |   |   |-- DependInfo.cmake
|   |   |   |-- build.make
|   |   |   |-- cmake_clean.cmake
|   |   |   |-- depend.internal
|   |   |   |-- depend.make
|   |   |   `-- progress.make
|   |   `-- zx_test.dir
|   |       |-- DependInfo.cmake
|   |       |-- build.make
|   |       |-- cmake_clean.cmake
|   |       `-- progress.make
|   |-- CPackConfig.cmake
|   |-- CPackSourceConfig.cmake
|   |-- Makefile
|   |-- cmake_install.cmake
|   |-- compile_commands.json
|   |-- compiler
|   |-- hello.bc
|   |-- hello.ll
|   |-- sysy.lex.cpp
|   |-- sysy.tab.cpp
|   |-- sysy.tab.hpp
|   `-- thirdparty
|       `-- glog-master
|           |-- CMakeFiles
|           |   |-- CMakeDirectoryInformation.cmake
|           |   |-- CMakeTmp
|           |   |-- Continuous.dir
|           |   |   |-- DependInfo.cmake
|           |   |   |-- build.make
|           |   |   |-- cmake_clean.cmake
|           |   |   `-- progress.make
|           |   |-- ContinuousBuild.dir
|           |   |   |-- DependInfo.cmake
|           |   |   |-- build.make
|           |   |   |-- cmake_clean.cmake
|           |   |   `-- progress.make
|           |   |-- ContinuousConfigure.dir
|           |   |   |-- DependInfo.cmake
|           |   |   |-- build.make
|           |   |   |-- cmake_clean.cmake
|           |   |   `-- progress.make
|           |   |-- ContinuousCoverage.dir
|           |   |   |-- DependInfo.cmake
|           |   |   |-- build.make
|           |   |   |-- cmake_clean.cmake
|           |   |   `-- progress.make
|           |   |-- ContinuousMemCheck.dir
|           |   |   |-- DependInfo.cmake
|           |   |   |-- build.make
|           |   |   |-- cmake_clean.cmake
|           |   |   `-- progress.make
|           |   |-- ContinuousStart.dir
|           |   |   |-- DependInfo.cmake
|           |   |   |-- build.make
|           |   |   |-- cmake_clean.cmake
|           |   |   `-- progress.make
|           |   |-- ContinuousSubmit.dir
|           |   |   |-- DependInfo.cmake
|           |   |   |-- build.make
|           |   |   |-- cmake_clean.cmake
|           |   |   `-- progress.make
|           |   |-- ContinuousTest.dir
|           |   |   |-- DependInfo.cmake
|           |   |   |-- build.make
|           |   |   |-- cmake_clean.cmake
|           |   |   `-- progress.make
|           |   |-- ContinuousUpdate.dir
|           |   |   |-- DependInfo.cmake
|           |   |   |-- build.make
|           |   |   |-- cmake_clean.cmake
|           |   |   `-- progress.make
|           |   |-- Experimental.dir
|           |   |   |-- DependInfo.cmake
|           |   |   |-- build.make
|           |   |   |-- cmake_clean.cmake
|           |   |   `-- progress.make
|           |   |-- ExperimentalBuild.dir
|           |   |   |-- DependInfo.cmake
|           |   |   |-- build.make
|           |   |   |-- cmake_clean.cmake
|           |   |   `-- progress.make
|           |   |-- ExperimentalConfigure.dir
|           |   |   |-- DependInfo.cmake
|           |   |   |-- build.make
|           |   |   |-- cmake_clean.cmake
|           |   |   `-- progress.make
|           |   |-- ExperimentalCoverage.dir
|           |   |   |-- DependInfo.cmake
|           |   |   |-- build.make
|           |   |   |-- cmake_clean.cmake
|           |   |   `-- progress.make
|           |   |-- ExperimentalMemCheck.dir
|           |   |   |-- DependInfo.cmake
|           |   |   |-- build.make
|           |   |   |-- cmake_clean.cmake
|           |   |   `-- progress.make
|           |   |-- ExperimentalStart.dir
|           |   |   |-- DependInfo.cmake
|           |   |   |-- build.make
|           |   |   |-- cmake_clean.cmake
|           |   |   `-- progress.make
|           |   |-- ExperimentalSubmit.dir
|           |   |   |-- DependInfo.cmake
|           |   |   |-- build.make
|           |   |   |-- cmake_clean.cmake
|           |   |   `-- progress.make
|           |   |-- ExperimentalTest.dir
|           |   |   |-- DependInfo.cmake
|           |   |   |-- build.make
|           |   |   |-- cmake_clean.cmake
|           |   |   `-- progress.make
|           |   |-- ExperimentalUpdate.dir
|           |   |   |-- DependInfo.cmake
|           |   |   |-- build.make
|           |   |   |-- cmake_clean.cmake
|           |   |   `-- progress.make
|           |   |-- Export
|           |   |   `-- lib
|           |   |       `-- cmake
|           |   |           `-- glog
|           |   |               |-- glog-targets-debug.cmake
|           |   |               |-- glog-targets-noconfig.cmake
|           |   |               `-- glog-targets.cmake
|           |   |-- Nightly.dir
|           |   |   |-- DependInfo.cmake
|           |   |   |-- build.make
|           |   |   |-- cmake_clean.cmake
|           |   |   `-- progress.make
|           |   |-- NightlyBuild.dir
|           |   |   |-- DependInfo.cmake
|           |   |   |-- build.make
|           |   |   |-- cmake_clean.cmake
|           |   |   `-- progress.make
|           |   |-- NightlyConfigure.dir
|           |   |   |-- DependInfo.cmake
|           |   |   |-- build.make
|           |   |   |-- cmake_clean.cmake
|           |   |   `-- progress.make
|           |   |-- NightlyCoverage.dir
|           |   |   |-- DependInfo.cmake
|           |   |   |-- build.make
|           |   |   |-- cmake_clean.cmake
|           |   |   `-- progress.make
|           |   |-- NightlyMemCheck.dir
|           |   |   |-- DependInfo.cmake
|           |   |   |-- build.make
|           |   |   |-- cmake_clean.cmake
|           |   |   `-- progress.make
|           |   |-- NightlyMemoryCheck.dir
|           |   |   |-- DependInfo.cmake
|           |   |   |-- build.make
|           |   |   |-- cmake_clean.cmake
|           |   |   `-- progress.make
|           |   |-- NightlyStart.dir
|           |   |   |-- DependInfo.cmake
|           |   |   |-- build.make
|           |   |   |-- cmake_clean.cmake
|           |   |   `-- progress.make
|           |   |-- NightlySubmit.dir
|           |   |   |-- DependInfo.cmake
|           |   |   |-- build.make
|           |   |   |-- cmake_clean.cmake
|           |   |   `-- progress.make
|           |   |-- NightlyTest.dir
|           |   |   |-- DependInfo.cmake
|           |   |   |-- build.make
|           |   |   |-- cmake_clean.cmake
|           |   |   `-- progress.make
|           |   |-- NightlyUpdate.dir
|           |   |   |-- DependInfo.cmake
|           |   |   |-- build.make
|           |   |   |-- cmake_clean.cmake
|           |   |   `-- progress.make
|           |   |-- cleanup_immediately_unittest.dir
|           |   |   |-- CXX.includecache
|           |   |   |-- DependInfo.cmake
|           |   |   |-- build.make
|           |   |   |-- cmake_clean.cmake
|           |   |   |-- depend.internal
|           |   |   |-- depend.make
|           |   |   |-- flags.make
|           |   |   |-- link.txt
|           |   |   |-- progress.make
|           |   |   `-- src
|           |   |       `-- cleanup_immediately_unittest.cc.o
|           |   |-- cleanup_with_absolute_prefix_unittest.dir
|           |   |   |-- CXX.includecache
|           |   |   |-- DependInfo.cmake
|           |   |   |-- build.make
|           |   |   |-- cmake_clean.cmake
|           |   |   |-- depend.internal
|           |   |   |-- depend.make
|           |   |   |-- flags.make
|           |   |   |-- link.txt
|           |   |   |-- progress.make
|           |   |   `-- src
|           |   |       `-- cleanup_with_absolute_prefix_unittest.cc.o
|           |   |-- cleanup_with_relative_prefix_unittest.dir
|           |   |   |-- CXX.includecache
|           |   |   |-- DependInfo.cmake
|           |   |   |-- build.make
|           |   |   |-- cmake_clean.cmake
|           |   |   |-- depend.internal
|           |   |   |-- depend.make
|           |   |   |-- flags.make
|           |   |   |-- link.txt
|           |   |   |-- progress.make
|           |   |   `-- src
|           |   |       `-- cleanup_with_relative_prefix_unittest.cc.o
|           |   |-- demangle_unittest.dir
|           |   |   |-- CXX.includecache
|           |   |   |-- DependInfo.cmake
|           |   |   |-- build.make
|           |   |   |-- cmake_clean.cmake
|           |   |   |-- depend.internal
|           |   |   |-- depend.make
|           |   |   |-- flags.make
|           |   |   |-- link.txt
|           |   |   |-- progress.make
|           |   |   `-- src
|           |   |       `-- demangle_unittest.cc.o
|           |   |-- glog.dir
|           |   |   |-- DependInfo.cmake
|           |   |   |-- build.make
|           |   |   |-- cmake_clean.cmake
|           |   |   |-- depend.internal
|           |   |   |-- depend.make
|           |   |   |-- flags.make
|           |   |   |-- link.txt
|           |   |   `-- progress.make
|           |   |-- glog_internal.dir
|           |   |   |-- CXX.includecache
|           |   |   |-- DependInfo.cmake
|           |   |   |-- build.make
|           |   |   |-- cmake_clean.cmake
|           |   |   |-- depend.internal
|           |   |   |-- depend.make
|           |   |   |-- flags.make
|           |   |   |-- progress.make
|           |   |   `-- src
|           |   |       |-- demangle.cc.o
|           |   |       |-- logging.cc.o
|           |   |       |-- raw_logging.cc.o
|           |   |       |-- signalhandler.cc.o
|           |   |       |-- symbolize.cc.o
|           |   |       |-- utilities.cc.o
|           |   |       `-- vlog_is_on.cc.o
|           |   |-- glogtest.dir
|           |   |   |-- DependInfo.cmake
|           |   |   |-- build.make
|           |   |   |-- cmake_clean.cmake
|           |   |   |-- cmake_clean_target.cmake
|           |   |   |-- depend.internal
|           |   |   |-- depend.make
|           |   |   |-- flags.make
|           |   |   |-- link.txt
|           |   |   `-- progress.make
|           |   |-- logging_unittest.dir
|           |   |   |-- CXX.includecache
|           |   |   |-- DependInfo.cmake
|           |   |   |-- build.make
|           |   |   |-- cmake_clean.cmake
|           |   |   |-- depend.internal
|           |   |   |-- depend.make
|           |   |   |-- flags.make
|           |   |   |-- link.txt
|           |   |   |-- progress.make
|           |   |   `-- src
|           |   |       `-- logging_unittest.cc.o
|           |   |-- progress.marks
|           |   |-- signalhandler_unittest.dir
|           |   |   |-- CXX.includecache
|           |   |   |-- DependInfo.cmake
|           |   |   |-- build.make
|           |   |   |-- cmake_clean.cmake
|           |   |   |-- depend.internal
|           |   |   |-- depend.make
|           |   |   |-- flags.make
|           |   |   |-- link.txt
|           |   |   |-- progress.make
|           |   |   `-- src
|           |   |       `-- signalhandler_unittest.cc.o
|           |   |-- stacktrace_unittest.dir
|           |   |   |-- CXX.includecache
|           |   |   |-- DependInfo.cmake
|           |   |   |-- build.make
|           |   |   |-- cmake_clean.cmake
|           |   |   |-- depend.internal
|           |   |   |-- depend.make
|           |   |   |-- flags.make
|           |   |   |-- link.txt
|           |   |   |-- progress.make
|           |   |   `-- src
|           |   |       `-- stacktrace_unittest.cc.o
|           |   |-- stl_logging_unittest.dir
|           |   |   |-- CXX.includecache
|           |   |   |-- DependInfo.cmake
|           |   |   |-- build.make
|           |   |   |-- cmake_clean.cmake
|           |   |   |-- depend.internal
|           |   |   |-- depend.make
|           |   |   |-- flags.make
|           |   |   |-- link.txt
|           |   |   |-- progress.make
|           |   |   `-- src
|           |   |       `-- stl_logging_unittest.cc.o
|           |   |-- symbolize_unittest.dir
|           |   |   |-- CXX.includecache
|           |   |   |-- DependInfo.cmake
|           |   |   |-- build.make
|           |   |   |-- cmake_clean.cmake
|           |   |   |-- depend.internal
|           |   |   |-- depend.make
|           |   |   |-- flags.make
|           |   |   |-- link.txt
|           |   |   |-- progress.make
|           |   |   `-- src
|           |   |       `-- symbolize_unittest.cc.o
|           |   `-- utilities_unittest.dir
|           |       |-- CXX.includecache
|           |       |-- DependInfo.cmake
|           |       |-- build.make
|           |       |-- cmake_clean.cmake
|           |       |-- depend.internal
|           |       |-- depend.make
|           |       |-- flags.make
|           |       |-- link.txt
|           |       |-- progress.make
|           |       `-- src
|           |           `-- utilities_unittest.cc.o
|           |-- CTestTestfile.cmake
|           |-- DartConfiguration.tcl
|           |-- Makefile
|           |-- Testing
|           |   `-- Temporary
|           |-- cleanup_immediately_unittest
|           |-- cleanup_with_absolute_prefix_unittest
|           |-- cleanup_with_relative_prefix_unittest
|           |-- cmake_install.cmake
|           |-- config.h
|           |-- demangle_unittest
|           |-- glog
|           |   |-- export.h
|           |   |-- logging.h
|           |   |-- raw_logging.h
|           |   |-- stl_logging.h
|           |   `-- vlog_is_on.h
|           |-- glog-config-version.cmake
|           |-- glog-config.cmake
|           |-- glog-modules.cmake
|           |-- glog-targets.cmake
|           |-- libglog.pc
|           |-- libglog.so -> libglog.so.1
|           |-- libglog.so.0.7.0
|           |-- libglog.so.1 -> libglog.so.0.7.0
|           |-- libglogtest.a
|           |-- logging_unittest
|           |-- signalhandler_unittest
|           |-- stacktrace_unittest
|           |-- stl_logging_unittest
|           |-- symbolize_unittest
|           `-- utilities_unittest
|-- debug
|   |-- hello
|   |-- hello.bc
|   |-- hello.c
|   |-- hello.koopa
|   |-- hello.ll
|   |-- hello.o
|   |-- hello.s
|   |-- hello_riscv.s
|   |-- hello_template.ll
|   |-- yzj_test.c
|   |-- zx_test.c
|   `-- zx_test.ll
|-- hello.ll
|-- run.sh
|-- src
|   |-- ast
|   |   `-- ast.cpp
|   |-- common
|   |   |-- enum.cpp
|   |   |-- initval_tree.cpp
|   |   |-- temp_allocate.cpp
|   |   `-- while_frame.cpp
|   |-- include
|   |   |-- ast
|   |   |   `-- ast.h
|   |   |-- common
|   |   |   |-- base_ast.h
|   |   |   |-- enum.h
|   |   |   |-- initval_tree.h
|   |   |   |-- position.h
|   |   |   |-- temp_allocate.h
|   |   |   |-- type_traits.h
|   |   |   |-- visualize.h
|   |   |   `-- while_frame.h
|   |   |-- ir
|   |   |   |-- ir_tree.h
|   |   |   `-- temp_type.h
|   |   |-- symtable
|   |   |   `-- symbol_table.h
|   |   `-- translate
|   |       `-- ir_generator.h
|   |-- ir
|   |   |-- ir_tools.cpp
|   |   |-- ir_tree.cpp
|   |   `-- temp_type.cpp
|   |-- main.cpp
|   |-- parser
|   |   |-- sysy.l
|   |   `-- sysy.y
|   |-- symtable
|   |   `-- symbol_table.cpp
|   |-- test.ll
|   `-- translate
|       |-- translate_decl.cpp
|       |-- translate_exp.cpp
|       |-- translate_stmt.cpp
|       `-- translate_top.cpp
|-- sysy-runtime-lib-master
|   |-- LICENSE
|   |-- Makefile
|   |-- README.md
|   |-- build
|   |   |-- libsysy.a
|   |   `-- obj
|   |       `-- sysy.o
|   |-- src
|   |   |-- nolibc
|   |   |   |-- crt.c
|   |   |   |-- io.c
|   |   |   |-- io.h
|   |   |   |-- sys.h
|   |   |   |-- time.c
|   |   |   |-- time.h
|   |   |   `-- types.h
|   |   |-- sysy.c
|   |   `-- sysy.h
|   `-- test
|       |-- test.c
|       `-- test.in
|-- test
|   |-- advisor
|   |-- advisor.c
|   |-- matrix_multiply
|   |-- matrix_multiply.c
|   |-- quick_sort
|   `-- quick_sort.c
|-- tester
|   |-- advisor
|   |   |-- advisor-linux-amd64
|   |   |-- advisor-linux-arm64
|   |   |-- advisor-linux-mips64
|   |   |-- advisor-linux-riscv64
|   |   |-- advisor-mac-amd64
|   |   |-- advisor-mac-arm64
|   |   |-- advisor-win-amd64.exe
|   |   `-- advisor-win-arm64.exe
|   |-- matrix
|   |   |-- matrix-linux-amd64
|   |   |-- matrix-linux-arm64
|   |   |-- matrix-linux-mips64
|   |   |-- matrix-linux-riscv64
|   |   |-- matrix-mac-amd64
|   |   |-- matrix-mac-arm64
|   |   |-- matrix-win-amd64.exe
|   |   `-- matrix-win-arm64.exe
|   `-- quicksort
|       |-- quicksort-linux-amd64
|       |-- quicksort-linux-arm64
|       |-- quicksort-linux-mips64
|       |-- quicksort-linux-riscv64
|       |-- quicksort-mac-amd64
|       |-- quicksort-mac-arm64
|       |-- quicksort-win-amd64.exe
|       `-- quicksort-win-arm64.exe
|-- thirdparty
|   `-- glog-master
|       |-- AUTHORS
|       |-- BUILD.bazel
|       |-- CMakeLists.txt
|       |-- CONTRIBUTORS
|       |-- COPYING
|       |-- ChangeLog
|       |-- README.rst
|       |-- WORKSPACE
|       |-- bazel
|       |   |-- example
|       |   |   |-- BUILD.bazel
|       |   |   `-- main.cc
|       |   `-- glog.bzl
|       |-- build
|       |   |-- CMakeCache.txt
|       |   |-- CMakeFiles
|       |   |   |-- 3.16.3
|       |   |   |   |-- CMakeCXXCompiler.cmake
|       |   |   |   |-- CMakeDetermineCompilerABI_CXX.bin
|       |   |   |   |-- CMakeSystem.cmake
|       |   |   |   `-- CompilerIdCXX
|       |   |   |       |-- CMakeCXXCompilerId.cpp
|       |   |   |       |-- a.out
|       |   |   |       `-- tmp
|       |   |   |-- CMakeDirectoryInformation.cmake
|       |   |   |-- CMakeError.log
|       |   |   |-- CMakeOutput.log
|       |   |   |-- CMakeRuleHashes.txt
|       |   |   |-- CMakeTmp
|       |   |   |-- CheckFunctionExists
|       |   |   |   `-- CheckFunctionExists.cxx
|       |   |   |-- CheckLibraryExists
|       |   |   |   `-- CheckFunctionExists.cxx
|       |   |   |-- CheckTypeSize
|       |   |   |   |-- HAVE_MODE_T.bin
|       |   |   |   |-- HAVE_MODE_T.cpp
|       |   |   |   |-- HAVE_SSIZE_T.bin
|       |   |   |   `-- HAVE_SSIZE_T.cpp
|       |   |   |-- Continuous.dir
|       |   |   |   |-- DependInfo.cmake
|       |   |   |   |-- build.make
|       |   |   |   |-- cmake_clean.cmake
|       |   |   |   `-- progress.make
|       |   |   |-- ContinuousBuild.dir
|       |   |   |   |-- DependInfo.cmake
|       |   |   |   |-- build.make
|       |   |   |   |-- cmake_clean.cmake
|       |   |   |   `-- progress.make
|       |   |   |-- ContinuousConfigure.dir
|       |   |   |   |-- DependInfo.cmake
|       |   |   |   |-- build.make
|       |   |   |   |-- cmake_clean.cmake
|       |   |   |   `-- progress.make
|       |   |   |-- ContinuousCoverage.dir
|       |   |   |   |-- DependInfo.cmake
|       |   |   |   |-- build.make
|       |   |   |   |-- cmake_clean.cmake
|       |   |   |   `-- progress.make
|       |   |   |-- ContinuousMemCheck.dir
|       |   |   |   |-- DependInfo.cmake
|       |   |   |   |-- build.make
|       |   |   |   |-- cmake_clean.cmake
|       |   |   |   `-- progress.make
|       |   |   |-- ContinuousStart.dir
|       |   |   |   |-- DependInfo.cmake
|       |   |   |   |-- build.make
|       |   |   |   |-- cmake_clean.cmake
|       |   |   |   `-- progress.make
|       |   |   |-- ContinuousSubmit.dir
|       |   |   |   |-- DependInfo.cmake
|       |   |   |   |-- build.make
|       |   |   |   |-- cmake_clean.cmake
|       |   |   |   `-- progress.make
|       |   |   |-- ContinuousTest.dir
|       |   |   |   |-- DependInfo.cmake
|       |   |   |   |-- build.make
|       |   |   |   |-- cmake_clean.cmake
|       |   |   |   `-- progress.make
|       |   |   |-- ContinuousUpdate.dir
|       |   |   |   |-- DependInfo.cmake
|       |   |   |   |-- build.make
|       |   |   |   |-- cmake_clean.cmake
|       |   |   |   `-- progress.make
|       |   |   |-- Experimental.dir
|       |   |   |   |-- DependInfo.cmake
|       |   |   |   |-- build.make
|       |   |   |   |-- cmake_clean.cmake
|       |   |   |   `-- progress.make
|       |   |   |-- ExperimentalBuild.dir
|       |   |   |   |-- DependInfo.cmake
|       |   |   |   |-- build.make
|       |   |   |   |-- cmake_clean.cmake
|       |   |   |   `-- progress.make
|       |   |   |-- ExperimentalConfigure.dir
|       |   |   |   |-- DependInfo.cmake
|       |   |   |   |-- build.make
|       |   |   |   |-- cmake_clean.cmake
|       |   |   |   `-- progress.make
|       |   |   |-- ExperimentalCoverage.dir
|       |   |   |   |-- DependInfo.cmake
|       |   |   |   |-- build.make
|       |   |   |   |-- cmake_clean.cmake
|       |   |   |   `-- progress.make
|       |   |   |-- ExperimentalMemCheck.dir
|       |   |   |   |-- DependInfo.cmake
|       |   |   |   |-- build.make
|       |   |   |   |-- cmake_clean.cmake
|       |   |   |   `-- progress.make
|       |   |   |-- ExperimentalStart.dir
|       |   |   |   |-- DependInfo.cmake
|       |   |   |   |-- build.make
|       |   |   |   |-- cmake_clean.cmake
|       |   |   |   `-- progress.make
|       |   |   |-- ExperimentalSubmit.dir
|       |   |   |   |-- DependInfo.cmake
|       |   |   |   |-- build.make
|       |   |   |   |-- cmake_clean.cmake
|       |   |   |   `-- progress.make
|       |   |   |-- ExperimentalTest.dir
|       |   |   |   |-- DependInfo.cmake
|       |   |   |   |-- build.make
|       |   |   |   |-- cmake_clean.cmake
|       |   |   |   `-- progress.make
|       |   |   |-- ExperimentalUpdate.dir
|       |   |   |   |-- DependInfo.cmake
|       |   |   |   |-- build.make
|       |   |   |   |-- cmake_clean.cmake
|       |   |   |   `-- progress.make
|       |   |   |-- Export
|       |   |   |   `-- lib
|       |   |   |       `-- cmake
|       |   |   |           `-- glog
|       |   |   |               |-- glog-targets-noconfig.cmake
|       |   |   |               `-- glog-targets.cmake
|       |   |   |-- Makefile.cmake
|       |   |   |-- Makefile2
|       |   |   |-- Nightly.dir
|       |   |   |   |-- DependInfo.cmake
|       |   |   |   |-- build.make
|       |   |   |   |-- cmake_clean.cmake
|       |   |   |   `-- progress.make
|       |   |   |-- NightlyBuild.dir
|       |   |   |   |-- DependInfo.cmake
|       |   |   |   |-- build.make
|       |   |   |   |-- cmake_clean.cmake
|       |   |   |   `-- progress.make
|       |   |   |-- NightlyConfigure.dir
|       |   |   |   |-- DependInfo.cmake
|       |   |   |   |-- build.make
|       |   |   |   |-- cmake_clean.cmake
|       |   |   |   `-- progress.make
|       |   |   |-- NightlyCoverage.dir
|       |   |   |   |-- DependInfo.cmake
|       |   |   |   |-- build.make
|       |   |   |   |-- cmake_clean.cmake
|       |   |   |   `-- progress.make
|       |   |   |-- NightlyMemCheck.dir
|       |   |   |   |-- DependInfo.cmake
|       |   |   |   |-- build.make
|       |   |   |   |-- cmake_clean.cmake
|       |   |   |   `-- progress.make
|       |   |   |-- NightlyMemoryCheck.dir
|       |   |   |   |-- DependInfo.cmake
|       |   |   |   |-- build.make
|       |   |   |   |-- cmake_clean.cmake
|       |   |   |   `-- progress.make
|       |   |   |-- NightlyStart.dir
|       |   |   |   |-- DependInfo.cmake
|       |   |   |   |-- build.make
|       |   |   |   |-- cmake_clean.cmake
|       |   |   |   `-- progress.make
|       |   |   |-- NightlySubmit.dir
|       |   |   |   |-- DependInfo.cmake
|       |   |   |   |-- build.make
|       |   |   |   |-- cmake_clean.cmake
|       |   |   |   `-- progress.make
|       |   |   |-- NightlyTest.dir
|       |   |   |   |-- DependInfo.cmake
|       |   |   |   |-- build.make
|       |   |   |   |-- cmake_clean.cmake
|       |   |   |   `-- progress.make
|       |   |   |-- NightlyUpdate.dir
|       |   |   |   |-- DependInfo.cmake
|       |   |   |   |-- build.make
|       |   |   |   |-- cmake_clean.cmake
|       |   |   |   `-- progress.make
|       |   |   |-- TargetDirectories.txt
|       |   |   |-- cleanup_immediately_unittest.dir
|       |   |   |   |-- CXX.includecache
|       |   |   |   |-- DependInfo.cmake
|       |   |   |   |-- build.make
|       |   |   |   |-- cmake_clean.cmake
|       |   |   |   |-- depend.internal
|       |   |   |   |-- depend.make
|       |   |   |   |-- flags.make
|       |   |   |   |-- link.txt
|       |   |   |   |-- progress.make
|       |   |   |   `-- src
|       |   |   |       `-- cleanup_immediately_unittest.cc.o
|       |   |   |-- cleanup_with_absolute_prefix_unittest.dir
|       |   |   |   |-- CXX.includecache
|       |   |   |   |-- DependInfo.cmake
|       |   |   |   |-- build.make
|       |   |   |   |-- cmake_clean.cmake
|       |   |   |   |-- depend.internal
|       |   |   |   |-- depend.make
|       |   |   |   |-- flags.make
|       |   |   |   |-- link.txt
|       |   |   |   |-- progress.make
|       |   |   |   `-- src
|       |   |   |       `-- cleanup_with_absolute_prefix_unittest.cc.o
|       |   |   |-- cleanup_with_relative_prefix_unittest.dir
|       |   |   |   |-- CXX.includecache
|       |   |   |   |-- DependInfo.cmake
|       |   |   |   |-- build.make
|       |   |   |   |-- cmake_clean.cmake
|       |   |   |   |-- depend.internal
|       |   |   |   |-- depend.make
|       |   |   |   |-- flags.make
|       |   |   |   |-- link.txt
|       |   |   |   |-- progress.make
|       |   |   |   `-- src
|       |   |   |       `-- cleanup_with_relative_prefix_unittest.cc.o
|       |   |   |-- cmake.check_cache
|       |   |   |-- demangle_unittest.dir
|       |   |   |   |-- CXX.includecache
|       |   |   |   |-- DependInfo.cmake
|       |   |   |   |-- build.make
|       |   |   |   |-- cmake_clean.cmake
|       |   |   |   |-- depend.internal
|       |   |   |   |-- depend.make
|       |   |   |   |-- flags.make
|       |   |   |   |-- link.txt
|       |   |   |   |-- progress.make
|       |   |   |   `-- src
|       |   |   |       `-- demangle_unittest.cc.o
|       |   |   |-- glog.dir
|       |   |   |   |-- DependInfo.cmake
|       |   |   |   |-- build.make
|       |   |   |   |-- cmake_clean.cmake
|       |   |   |   |-- depend.internal
|       |   |   |   |-- depend.make
|       |   |   |   |-- flags.make
|       |   |   |   |-- link.txt
|       |   |   |   `-- progress.make
|       |   |   |-- glog_internal.dir
|       |   |   |   |-- CXX.includecache
|       |   |   |   |-- DependInfo.cmake
|       |   |   |   |-- build.make
|       |   |   |   |-- cmake_clean.cmake
|       |   |   |   |-- depend.internal
|       |   |   |   |-- depend.make
|       |   |   |   |-- flags.make
|       |   |   |   |-- progress.make
|       |   |   |   `-- src
|       |   |   |       |-- demangle.cc.o
|       |   |   |       |-- logging.cc.o
|       |   |   |       |-- raw_logging.cc.o
|       |   |   |       |-- signalhandler.cc.o
|       |   |   |       |-- symbolize.cc.o
|       |   |   |       |-- utilities.cc.o
|       |   |   |       `-- vlog_is_on.cc.o
|       |   |   |-- glogtest.dir
|       |   |   |   |-- DependInfo.cmake
|       |   |   |   |-- build.make
|       |   |   |   |-- cmake_clean.cmake
|       |   |   |   |-- cmake_clean_target.cmake
|       |   |   |   |-- depend.internal
|       |   |   |   |-- depend.make
|       |   |   |   |-- flags.make
|       |   |   |   |-- link.txt
|       |   |   |   `-- progress.make
|       |   |   |-- logging_unittest.dir
|       |   |   |   |-- CXX.includecache
|       |   |   |   |-- DependInfo.cmake
|       |   |   |   |-- build.make
|       |   |   |   |-- cmake_clean.cmake
|       |   |   |   |-- depend.internal
|       |   |   |   |-- depend.make
|       |   |   |   |-- flags.make
|       |   |   |   |-- link.txt
|       |   |   |   |-- progress.make
|       |   |   |   `-- src
|       |   |   |       `-- logging_unittest.cc.o
|       |   |   |-- progress.marks
|       |   |   |-- signalhandler_unittest.dir
|       |   |   |   |-- CXX.includecache
|       |   |   |   |-- DependInfo.cmake
|       |   |   |   |-- build.make
|       |   |   |   |-- cmake_clean.cmake
|       |   |   |   |-- depend.internal
|       |   |   |   |-- depend.make
|       |   |   |   |-- flags.make
|       |   |   |   |-- link.txt
|       |   |   |   |-- progress.make
|       |   |   |   `-- src
|       |   |   |       `-- signalhandler_unittest.cc.o
|       |   |   |-- stacktrace_unittest.dir
|       |   |   |   |-- CXX.includecache
|       |   |   |   |-- DependInfo.cmake
|       |   |   |   |-- build.make
|       |   |   |   |-- cmake_clean.cmake
|       |   |   |   |-- depend.internal
|       |   |   |   |-- depend.make
|       |   |   |   |-- flags.make
|       |   |   |   |-- link.txt
|       |   |   |   |-- progress.make
|       |   |   |   `-- src
|       |   |   |       `-- stacktrace_unittest.cc.o
|       |   |   |-- stl_logging_unittest.dir
|       |   |   |   |-- CXX.includecache
|       |   |   |   |-- DependInfo.cmake
|       |   |   |   |-- build.make
|       |   |   |   |-- cmake_clean.cmake
|       |   |   |   |-- depend.internal
|       |   |   |   |-- depend.make
|       |   |   |   |-- flags.make
|       |   |   |   |-- link.txt
|       |   |   |   |-- progress.make
|       |   |   |   `-- src
|       |   |   |       `-- stl_logging_unittest.cc.o
|       |   |   |-- symbolize_unittest.dir
|       |   |   |   |-- CXX.includecache
|       |   |   |   |-- DependInfo.cmake
|       |   |   |   |-- build.make
|       |   |   |   |-- cmake_clean.cmake
|       |   |   |   |-- depend.internal
|       |   |   |   |-- depend.make
|       |   |   |   |-- flags.make
|       |   |   |   |-- link.txt
|       |   |   |   |-- progress.make
|       |   |   |   `-- src
|       |   |   |       `-- symbolize_unittest.cc.o
|       |   |   `-- utilities_unittest.dir
|       |   |       |-- CXX.includecache
|       |   |       |-- DependInfo.cmake
|       |   |       |-- build.make
|       |   |       |-- cmake_clean.cmake
|       |   |       |-- depend.internal
|       |   |       |-- depend.make
|       |   |       |-- flags.make
|       |   |       |-- link.txt
|       |   |       |-- progress.make
|       |   |       `-- src
|       |   |           `-- utilities_unittest.cc.o
|       |   |-- CPackConfig.cmake
|       |   |-- CPackSourceConfig.cmake
|       |   |-- CTestTestfile.cmake
|       |   |-- DartConfiguration.tcl
|       |   |-- Makefile
|       |   |-- Testing
|       |   |   `-- Temporary
|       |   |-- cleanup_immediately_unittest
|       |   |-- cleanup_with_absolute_prefix_unittest
|       |   |-- cleanup_with_relative_prefix_unittest
|       |   |-- cmake_install.cmake
|       |   |-- config.h
|       |   |-- demangle_unittest
|       |   |-- glog
|       |   |   |-- export.h
|       |   |   |-- logging.h
|       |   |   |-- raw_logging.h
|       |   |   |-- stl_logging.h
|       |   |   `-- vlog_is_on.h
|       |   |-- glog-config-version.cmake
|       |   |-- glog-config.cmake
|       |   |-- glog-modules.cmake
|       |   |-- glog-targets.cmake
|       |   |-- libglog.pc
|       |   |-- libglog.so -> libglog.so.1
|       |   |-- libglog.so.0.7.0
|       |   |-- libglog.so.1 -> libglog.so.0.7.0
|       |   |-- libglogtest.a
|       |   |-- logging_unittest
|       |   |-- signalhandler_unittest
|       |   |-- stacktrace_unittest
|       |   |-- stl_logging_unittest
|       |   |-- symbolize_unittest
|       |   `-- utilities_unittest
|       |-- cmake
|       |   |-- DetermineGflagsNamespace.cmake
|       |   |-- FindUnwind.cmake
|       |   |-- GetCacheVariables.cmake
|       |   |-- RunCleanerTest1.cmake
|       |   |-- RunCleanerTest2.cmake
|       |   |-- RunCleanerTest3.cmake
|       |   |-- TestInitPackageConfig.cmake
|       |   `-- TestPackageConfig.cmake
|       |-- glog-config.cmake.in
|       |-- glog-modules.cmake.in
|       |-- libglog.pc.in
|       `-- src
|           |-- base
|           |   |-- commandlineflags.h
|           |   |-- googleinit.h
|           |   `-- mutex.h
|           |-- cleanup_immediately_unittest.cc
|           |-- cleanup_with_absolute_prefix_unittest.cc
|           |-- cleanup_with_relative_prefix_unittest.cc
|           |-- config.h.cmake.in
|           |-- demangle.cc
|           |-- demangle.h
|           |-- demangle_unittest.cc
|           |-- demangle_unittest.sh
|           |-- demangle_unittest.txt
|           |-- fuzz_demangle.cc
|           |-- glog
|           |   |-- log_severity.h
|           |   |-- logging.h.in
|           |   |-- platform.h
|           |   |-- raw_logging.h.in
|           |   |-- stl_logging.h.in
|           |   `-- vlog_is_on.h.in
|           |-- googletest.h
|           |-- logging.cc
|           |-- logging_striplog_test.sh
|           |-- logging_striptest10.cc
|           |-- logging_striptest2.cc
|           |-- logging_striptest_main.cc
|           |-- logging_unittest.cc
|           |-- logging_unittest.err
|           |-- logging_unittest.out
|           |-- mock-log.h
|           |-- mock-log_unittest.cc
|           |-- package_config_unittest
|           |   `-- working_config
|           |       |-- CMakeLists.txt
|           |       `-- glog_package_config.cc
|           |-- raw_logging.cc
|           |-- signalhandler.cc
|           |-- signalhandler_unittest.cc
|           |-- signalhandler_unittest.sh
|           |-- stacktrace.h
|           |-- stacktrace_generic-inl.h
|           |-- stacktrace_libunwind-inl.h
|           |-- stacktrace_powerpc-inl.h
|           |-- stacktrace_unittest.cc
|           |-- stacktrace_unwind-inl.h
|           |-- stacktrace_windows-inl.h
|           |-- stacktrace_x86-inl.h
|           |-- stl_logging_unittest.cc
|           |-- symbolize.cc
|           |-- symbolize.h
|           |-- symbolize_unittest.cc
|           |-- utilities.cc
|           |-- utilities.h
|           |-- utilities_unittest.cc
|           |-- vlog_is_on.cc
|           `-- windows
|               |-- dirent.h
|               |-- port.cc
|               `-- port.h
`-- tree.log

199 directories, 861 files
